  Archer.cpp
C:\Users\batty\Desktop\物件導向程式設計\物件導向專題-RPG角色打怪遊戲\物件導向專題\Archer.h(1,1): warning C4819: 檔案含有無法在目前字碼頁 (950) 中表示的字元。請以 Unicode 格式儲存檔案以防止資料遺失
  (編譯來源檔案 'Archer.cpp')
  
C:\Users\batty\Desktop\物件導向程式設計\物件導向專題-RPG角色打怪遊戲\物件導向專題\Role.h(1,1): warning C4819: 檔案含有無法在目前字碼頁 (950) 中表示的字元。請以 Unicode 格式儲存檔案以防止資料遺失
  (編譯來源檔案 'Archer.cpp')
  
  GameManager.cpp
C:\Users\batty\Desktop\物件導向程式設計\物件導向專題-RPG角色打怪遊戲\物件導向專題\GameManager.cpp(1,1): warning C4819: 檔案含有無法在目前字碼頁 (950) 中表示的字元。請以 Unicode 格式儲存檔案以防止資料遺失
C:\Users\batty\Desktop\物件導向程式設計\物件導向專題-RPG角色打怪遊戲\物件導向專題\Role.h(1,1): warning C4819: 檔案含有無法在目前字碼頁 (950) 中表示的字元。請以 Unicode 格式儲存檔案以防止資料遺失
  (編譯來源檔案 'GameManager.cpp')
  
  role.cpp
C:\Users\batty\Desktop\物件導向程式設計\物件導向專題-RPG角色打怪遊戲\物件導向專題\role.cpp(1,1): warning C4819: 檔案含有無法在目前字碼頁 (950) 中表示的字元。請以 Unicode 格式儲存檔案以防止資料遺失
C:\Users\batty\Desktop\物件導向程式設計\物件導向專題-RPG角色打怪遊戲\物件導向專題\role.h(1,1): warning C4819: 檔案含有無法在目前字碼頁 (950) 中表示的字元。請以 Unicode 格式儲存檔案以防止資料遺失
  (編譯來源檔案 'role.cpp')
  
  Warrior.cpp
C:\Users\batty\Desktop\物件導向程式設計\物件導向專題-RPG角色打怪遊戲\物件導向專題\Warrior.cpp(1,1): warning C4819: 檔案含有無法在目前字碼頁 (950) 中表示的字元。請以 Unicode 格式儲存檔案以防止資料遺失
C:\Users\batty\Desktop\物件導向程式設計\物件導向專題-RPG角色打怪遊戲\物件導向專題\Warrior.h(1,1): warning C4819: 檔案含有無法在目前字碼頁 (950) 中表示的字元。請以 Unicode 格式儲存檔案以防止資料遺失
  (編譯來源檔案 'Warrior.cpp')
  
C:\Users\batty\Desktop\物件導向程式設計\物件導向專題-RPG角色打怪遊戲\物件導向專題\Role.h(1,1): warning C4819: 檔案含有無法在目前字碼頁 (950) 中表示的字元。請以 Unicode 格式儲存檔案以防止資料遺失
  (編譯來源檔案 'Warrior.cpp')
  
  物件導向專題.cpp
C:\Users\batty\Desktop\物件導向程式設計\物件導向專題-RPG角色打怪遊戲\物件導向專題\Warrior.h(1,1): warning C4819: 檔案含有無法在目前字碼頁 (950) 中表示的字元。請以 Unicode 格式儲存檔案以防止資料遺失
  (編譯來源檔案 '物件導向專題.cpp')
  
C:\Users\batty\Desktop\物件導向程式設計\物件導向專題-RPG角色打怪遊戲\物件導向專題\Role.h(1,1): warning C4819: 檔案含有無法在目前字碼頁 (950) 中表示的字元。請以 Unicode 格式儲存檔案以防止資料遺失
  (編譯來源檔案 '物件導向專題.cpp')
  
C:\Users\batty\Desktop\物件導向程式設計\物件導向專題-RPG角色打怪遊戲\物件導向專題\Mage.h(1,1): warning C4819: 檔案含有無法在目前字碼頁 (950) 中表示的字元。請以 Unicode 格式儲存檔案以防止資料遺失
  (編譯來源檔案 '物件導向專題.cpp')
  
C:\Users\batty\Desktop\物件導向程式設計\物件導向專題-RPG角色打怪遊戲\物件導向專題\Archer.h(1,1): warning C4819: 檔案含有無法在目前字碼頁 (950) 中表示的字元。請以 Unicode 格式儲存檔案以防止資料遺失
  (編譯來源檔案 '物件導向專題.cpp')
  
  正在產生程式碼...
  物件導向專題.vcxproj -> C:\Users\batty\Desktop\物件導向程式設計\物件導向專題-RPG角色打怪遊戲\x64\Debug\物件導向專題.exe
